<?xml version="1.0" encoding="UTF-8" ?>
<testsuite tests="15" failures="0" name="SQLBuilderTest" time="0.021" errors="0" skipped="0">
  <properties>
    <property name="java.runtime.name" value="OpenJDK Runtime Environment"/>
    <property name="java.vm.version" value="11.0.5+10"/>
    <property name="sun.boot.library.path" value="C:\Program Files\AdoptOpenJDK\jdk-11.0.5.10-hotspot\bin"/>
    <property name="maven.multiModuleProjectDirectory" value="C:\Users\AdisAlagic\Desktop\Minecraft\SQLBuilder"/>
    <property name="java.vm.vendor" value="AdoptOpenJDK"/>
    <property name="java.vendor.url" value="https://adoptopenjdk.net/"/>
    <property name="guice.disable.misplaced.annotation.check" value="true"/>
    <property name="path.separator" value=";"/>
    <property name="java.vm.name" value="OpenJDK 64-Bit Server VM"/>
    <property name="sun.os.patch.level" value=""/>
    <property name="user.script" value=""/>
    <property name="user.country" value="RU"/>
    <property name="sun.java.launcher" value="SUN_STANDARD"/>
    <property name="java.vm.specification.name" value="Java Virtual Machine Specification"/>
    <property name="user.dir" value="C:\Users\AdisAlagic\Desktop\Minecraft\SQLBuilder"/>
    <property name="java.vm.compressedOopsMode" value="Zero based"/>
    <property name="java.runtime.version" value="11.0.5+10"/>
    <property name="java.awt.graphicsenv" value="sun.awt.Win32GraphicsEnvironment"/>
    <property name="os.arch" value="amd64"/>
    <property name="java.io.tmpdir" value="C:\Users\ADISAL~1\AppData\Local\Temp\"/>
    <property name="line.separator" value="
"/>
    <property name="java.vm.specification.vendor" value="Oracle Corporation"/>
    <property name="user.variant" value=""/>
    <property name="os.name" value="Windows 10"/>
    <property name="maven.ext.class.path" value="C:\Users\AdisAlagic\AppData\Local\JetBrains\Toolbox\apps\IDEA-U\ch-0\193.6015.39\plugins\maven\lib\maven-event-listener.jar"/>
    <property name="classworlds.conf" value="C:\Users\AdisAlagic\AppData\Local\JetBrains\Toolbox\apps\IDEA-U\ch-0\193.6015.39\plugins\maven\lib\maven3\bin\m2.conf"/>
    <property name="sun.jnu.encoding" value="Cp1251"/>
    <property name="java.library.path" value="C:\Program Files\AdoptOpenJDK\jdk-11.0.5.10-hotspot\bin;C:\Windows\Sun\Java\bin;C:\Windows\system32;C:\Windows;C:\Program Files\AdoptOpenJDK\jdk-11.0.5.10-hotspot\bin;C:\Program Files\AdoptOpenJDK\jdk-8.0.232.09-hotspot\bin;C:\Program Files (x86)\Python37-32\Scripts\;C:\Program Files (x86)\Python37-32\;C:\Program Files (x86)\Common Files\Oracle\Java\javapath;C:\Windows\system32;C:\Windows;C:\Windows\System32\Wbem;C:\Windows\System32\WindowsPowerShell\v1.0\;C:\Windows\System32\OpenSSH\;C:\Program Files\NVIDIA Corporation\NVIDIA NvDLISR;C:\Program Files (x86)\NVIDIA Corporation\PhysX\Common;C:\Program Files\Pandoc\;C:\Program Files\Git\cmd;C:\Program Files\dotnet\;D:\cmder\Cmder.exe;C:\Program Files\nodejs\;C:\Users\AdisAlagic\AppData\Local\Microsoft\WindowsApps;C:\Users\AdisAlagic\AppData\Local\Programs\MiKTeX 2.9\miktex\bin\x64\;C:\Users\AdisAlagic\AppData\Roaming\npm;C:\Program Files\apache-maven-3.6.3\bin;;."/>
    <property name="maven.conf" value="C:\Users\AdisAlagic\AppData\Local\JetBrains\Toolbox\apps\IDEA-U\ch-0\193.6015.39\plugins\maven\lib\maven3/conf"/>
    <property name="jdk.debug" value="release"/>
    <property name="java.class.version" value="55.0"/>
    <property name="java.specification.name" value="Java Platform API Specification"/>
    <property name="sun.management.compiler" value="HotSpot 64-Bit Tiered Compilers"/>
    <property name="os.version" value="10.0"/>
    <property name="idea.version2019.3.2" value="true"/>
    <property name="user.home" value="C:\Users\AdisAlagic"/>
    <property name="user.timezone" value="Europe/Moscow"/>
    <property name="java.awt.printerjob" value="sun.awt.windows.WPrinterJob"/>
    <property name="file.encoding" value="UTF-8"/>
    <property name="java.specification.version" value="11"/>
    <property name="user.name" value="AdisAlagic"/>
    <property name="java.class.path" value="C:\Users\AdisAlagic\AppData\Local\JetBrains\Toolbox\apps\IDEA-U\ch-0\193.6015.39\plugins\maven\lib\maven3\boot\plexus-classworlds-2.6.0.jar"/>
    <property name="java.vm.specification.version" value="11"/>
    <property name="sun.arch.data.model" value="64"/>
    <property name="sun.java.command" value="org.codehaus.classworlds.Launcher -Didea.version2019.3.2 --errors install"/>
    <property name="java.home" value="C:\Program Files\AdoptOpenJDK\jdk-11.0.5.10-hotspot"/>
    <property name="user.language" value="ru"/>
    <property name="java.specification.vendor" value="Oracle Corporation"/>
    <property name="awt.toolkit" value="sun.awt.windows.WToolkit"/>
    <property name="java.vm.info" value="mixed mode"/>
    <property name="java.version" value="11.0.5"/>
    <property name="java.vendor" value="AdoptOpenJDK"/>
    <property name="maven.home" value="C:\Users\AdisAlagic\AppData\Local\JetBrains\Toolbox\apps\IDEA-U\ch-0\193.6015.39\plugins\maven\lib\maven3"/>
    <property name="file.separator" value="\"/>
    <property name="java.version.date" value="2019-10-15"/>
    <property name="java.vendor.url.bug" value="https://github.com/AdoptOpenJDK/openjdk-build/issues"/>
    <property name="sun.io.unicode.encoding" value="UnicodeLittle"/>
    <property name="sun.cpu.endian" value="little"/>
    <property name="java.vendor.version" value="AdoptOpenJDK"/>
    <property name="sun.desktop" value="windows"/>
    <property name="sun.cpu.isalist" value="amd64"/>
  </properties>
  <testcase classname="SQLBuilderTest" name="testSelectWithArgsAnd" time="0.005"/>
  <testcase classname="SQLBuilderTest" name="testSimpleSelectFields" time="0"/>
  <testcase classname="SQLBuilderTest" name="testSimpleSelectFieldsWithArgs" time="0"/>
  <testcase classname="SQLBuilderTest" name="testSimpleSelect" time="0"/>
  <testcase classname="SQLBuilderTest" name="testSelectFields" time="0"/>
  <testcase classname="SQLBuilderTest" name="testCreateTable" time="0"/>
  <testcase classname="SQLBuilderTest" name="testCreateDataBase" time="0"/>
  <testcase classname="SQLBuilderTest" name="testSQLInjection" time="0"/>
  <testcase classname="SQLBuilderTest" name="testUpdate" time="0.001"/>
  <testcase classname="SQLBuilderTest" name="testInnerJoin" time="0.014"/>
  <testcase classname="SQLBuilderTest" name="testDeleteTables" time="0"/>
  <testcase classname="SQLBuilderTest" name="testCreateDatabase" time="0"/>
  <testcase classname="SQLBuilderTest" name="testSelectAll" time="0"/>
  <testcase classname="SQLBuilderTest" name="testSelectWithAgs" time="0"/>
  <testcase classname="SQLBuilderTest" name="testDelete" time="0.001"/>
</testsuite>